<?xml version="1.0" encoding="UTF-8"?>
<!-- Generated by org.testng.reporters.JUnitReportReporter -->
<testsuite hostname="DESKTOP-OVC0NH1" failures="0" tests="1" name="TestExecute.OXO.regressionTestcase.Test_DGLD_OXO_ST_094_My_Account_Page_Validation" time="124.725" errors="0" timestamp="11 Apr 2025 07:01:33 GMT">
  <testcase classname="TestExecute.OXO.regressionTestcase.Test_DGLD_OXO_ST_094_My_Account_Page_Validation" name="Validate_My_Account_Page_Validation" time="124.725"/>
</testsuite> <!-- TestExecute.OXO.regressionTestcase.Test_DGLD_OXO_ST_094_My_Account_Page_Validation -->
